# JRE version: Java(TM) SE Runtime Environment (8.0_40-b26) (build 1.8.0_40-b26)
# Java VM: Java HotSpot(TM) 64-Bit Server VM (25.40-b25 mixed mode linux-amd64 compressed oops)
Heap:
 PSYoungGen      total 171008K, used 22713K [0x00000000eab00000, 0x00000000fb600000, 0x0000000100000000)
  eden space 162816K, 13% used [0x00000000eab00000,0x00000000ec12e708,0x00000000f4a00000)
  from space 8192K, 0% used [0x00000000f4e00000,0x00000000f4e00000,0x00000000f5600000)
  to   space 55296K, 0% used [0x00000000f8000000,0x00000000f8000000,0x00000000fb600000)
 ParOldGen       total 417792K, used 140967K [0x00000000c0000000, 0x00000000d9800000, 0x00000000eab00000)
  object space 417792K, 33% used [0x00000000c0000000,0x00000000c89a9de0,0x00000000d9800000)
 Metaspace       used 53294K, capacity 57068K, committed 57472K, reserved 1097728K
  class space    used 7416K, capacity 8449K, committed 8576K, reserved 1048576K
GC Heap History (10 events):
Event: 134.544 GC heap before
{Heap before GC invocations=22 (full 2):
 PSYoungGen      total 217088K, used 217057K [0x00000000eab00000, 0x00000000fc880000, 0x0000000100000000)
  eden space 179712K, 100% used [0x00000000eab00000,0x00000000f5a80000,0x00000000f5a80000)
  from space 37376K, 99% used [0x00000000f5f00000,0x00000000f83785c8,0x00000000f8380000)
  to   space 56320K, 0% used [0x00000000f9180000,0x00000000f9180000,0x00000000fc880000)
 ParOldGen       total 188928K, used 143947K [0x00000000c0000000, 0x00000000cb880000, 0x00000000eab00000)
  object space 188928K, 76% used [0x00000000c0000000,0x00000000c8c92d90,0x00000000cb880000)
 Metaspace       used 53289K, capacity 57068K, committed 57472K, reserved 1097728K
  class space    used 7416K, capacity 8449K, committed 8576K, reserved 1048576K
Event: 134.560 GC heap after
Heap after GC invocations=22 (full 2):
 PSYoungGen      total 223744K, used 37281K [0x00000000eab00000, 0x00000000fc100000, 0x0000000100000000)
  eden space 175104K, 0% used [0x00000000eab00000,0x00000000eab00000,0x00000000f5600000)
  from space 48640K, 76% used [0x00000000f9180000,0x00000000fb5e85c8,0x00000000fc100000)
  to   space 54784K, 0% used [0x00000000f5600000,0x00000000f5600000,0x00000000f8b80000)
 ParOldGen       total 188928K, used 143947K [0x00000000c0000000, 0x00000000cb880000, 0x00000000eab00000)
  object space 188928K, 76% used [0x00000000c0000000,0x00000000c8c92d90,0x00000000cb880000)
 Metaspace       used 53289K, capacity 57068K, committed 57472K, reserved 1097728K
  class space    used 7416K, capacity 8449K, committed 8576K, reserved 1048576K
}
Event: 139.337 GC heap before
{Heap before GC invocations=23 (full 2):
 PSYoungGen      total 223744K, used 212385K [0x00000000eab00000, 0x00000000fc100000, 0x0000000100000000)
  eden space 175104K, 100% used [0x00000000eab00000,0x00000000f5600000,0x00000000f5600000)
  from space 48640K, 76% used [0x00000000f9180000,0x00000000fb5e85c8,0x00000000fc100000)
  to   space 54784K, 0% used [0x00000000f5600000,0x00000000f5600000,0x00000000f8b80000)
 ParOldGen       total 188928K, used 143947K [0x00000000c0000000, 0x00000000cb880000, 0x00000000eab00000)
  object space 188928K, 76% used [0x00000000c0000000,0x00000000c8c92d90,0x00000000cb880000)
 Metaspace       used 53294K, capacity 57068K, committed 57472K, reserved 1097728K
  class space    used 7416K, capacity 8449K, committed 8576K, reserved 1048576K
Event: 139.355 GC heap after
Heap after GC invocations=23 (full 2):
 PSYoungGen      total 208384K, used 37369K [0x00000000eab00000, 0x00000000fba00000, 0x0000000100000000)
  eden space 171008K, 0% used [0x00000000eab00000,0x00000000eab00000,0x00000000f5200000)
  from space 37376K, 99% used [0x00000000f5600000,0x00000000f7a7e770,0x00000000f7a80000)
  to   space 53248K, 0% used [0x00000000f8600000,0x00000000f8600000,0x00000000fba00000)
 ParOldGen       total 188928K, used 143955K [0x00000000c0000000, 0x00000000cb880000, 0x00000000eab00000)
  object space 188928K, 76% used [0x00000000c0000000,0x00000000c8c94d90,0x00000000cb880000)
 Metaspace       used 53294K, capacity 57068K, committed 57472K, reserved 1097728K
  class space    used 7416K, capacity 8449K, committed 8576K, reserved 1048576K
}
Event: 143.999 GC heap before
{Heap before GC invocations=24 (full 2):
 PSYoungGen      total 208384K, used 208377K [0x00000000eab00000, 0x00000000fba00000, 0x0000000100000000)
  eden space 171008K, 100% used [0x00000000eab00000,0x00000000f5200000,0x00000000f5200000)
  from space 37376K, 99% used [0x00000000f5600000,0x00000000f7a7e770,0x00000000f7a80000)
  to   space 53248K, 0% used [0x00000000f8600000,0x00000000f8600000,0x00000000fba00000)
 ParOldGen       total 188928K, used 143955K [0x00000000c0000000, 0x00000000cb880000, 0x00000000eab00000)
  object space 188928K, 76% used [0x00000000c0000000,0x00000000c8c94d90,0x00000000cb880000)
 Metaspace       used 53294K, capacity 57068K, committed 57472K, reserved 1097728K
  class space    used 7416K, capacity 8449K, committed 8576K, reserved 1048576K
Event: 144.017 GC heap after
Heap after GC invocations=24 (full 2):
 PSYoungGen      total 212992K, used 37337K [0x00000000eab00000, 0x00000000fb300000, 0x0000000100000000)
  eden space 166912K, 0% used [0x00000000eab00000,0x00000000eab00000,0x00000000f4e00000)
  from space 46080K, 81% used [0x00000000f8600000,0x00000000faa76770,0x00000000fb300000)
  to   space 51712K, 0% used [0x00000000f4e00000,0x00000000f4e00000,0x00000000f8080000)
 ParOldGen       total 188928K, used 143955K [0x00000000c0000000, 0x00000000cb880000, 0x00000000eab00000)
  object space 188928K, 76% used [0x00000000c0000000,0x00000000c8c94d90,0x00000000cb880000)
 Metaspace       used 53294K, capacity 57068K, committed 57472K, reserved 1097728K
  class space    used 7416K, capacity 8449K, committed 8576K, reserved 1048576K
}
Event: 148.633 GC heap before
{Heap before GC invocations=25 (full 2):
 PSYoungGen      total 212992K, used 204249K [0x00000000eab00000, 0x00000000fb300000, 0x0000000100000000)
  eden space 166912K, 100% used [0x00000000eab00000,0x00000000f4e00000,0x00000000f4e00000)
  from space 46080K, 81% used [0x00000000f8600000,0x00000000faa76770,0x00000000fb300000)
  to   space 51712K, 0% used [0x00000000f4e00000,0x00000000f4e00000,0x00000000f8080000)
 ParOldGen       total 188928K, used 143955K [0x00000000c0000000, 0x00000000cb880000, 0x00000000eab00000)
  object space 188928K, 76% used [0x00000000c0000000,0x00000000c8c94d90,0x00000000cb880000)
 Metaspace       used 53294K, capacity 57068K, committed 57472K, reserved 1097728K
  class space    used 7416K, capacity 8449K, committed 8576K, reserved 1048576K
Event: 148.650 GC heap after
Heap after GC invocations=25 (full 2):
 PSYoungGen      total 171008K, used 7835K [0x00000000eab00000, 0x00000000fb600000, 0x0000000100000000)
  eden space 162816K, 0% used [0x00000000eab00000,0x00000000eab00000,0x00000000f4a00000)
  from space 8192K, 95% used [0x00000000f4e00000,0x00000000f55a6c98,0x00000000f5600000)
  to   space 55296K, 0% used [0x00000000f8000000,0x00000000f8000000,0x00000000fb600000)
 ParOldGen       total 188928K, used 173608K [0x00000000c0000000, 0x00000000cb880000, 0x00000000eab00000)
  object space 188928K, 91% used [0x00000000c0000000,0x00000000ca98a078,0x00000000cb880000)
 Metaspace       used 53294K, capacity 57068K, committed 57472K, reserved 1097728K
  class space    used 7416K, capacity 8449K, committed 8576K, reserved 1048576K
}
Event: 148.650 GC heap before
{Heap before GC invocations=26 (full 3):
 PSYoungGen      total 171008K, used 7835K [0x00000000eab00000, 0x00000000fb600000, 0x0000000100000000)
  eden space 162816K, 0% used [0x00000000eab00000,0x00000000eab00000,0x00000000f4a00000)
  from space 8192K, 95% used [0x00000000f4e00000,0x00000000f55a6c98,0x00000000f5600000)
  to   space 55296K, 0% used [0x00000000f8000000,0x00000000f8000000,0x00000000fb600000)
 ParOldGen       total 188928K, used 173608K [0x00000000c0000000, 0x00000000cb880000, 0x00000000eab00000)
  object space 188928K, 91% used [0x00000000c0000000,0x00000000ca98a078,0x00000000cb880000)
 Metaspace       used 53294K, capacity 57068K, committed 57472K, reserved 1097728K
  class space    used 7416K, capacity 8449K, committed 8576K, reserved 1048576K
Event: 148.875 GC heap after
Heap after GC invocations=26 (full 3):
 PSYoungGen      total 171008K, used 0K [0x00000000eab00000, 0x00000000fb600000, 0x0000000100000000)
  eden space 162816K, 0% used [0x00000000eab00000,0x00000000eab00000,0x00000000f4a00000)
  from space 8192K, 0% used [0x00000000f4e00000,0x00000000f4e00000,0x00000000f5600000)
  to   space 55296K, 0% used [0x00000000f8000000,0x00000000f8000000,0x00000000fb600000)
 ParOldGen       total 417792K, used 140967K [0x00000000c0000000, 0x00000000d9800000, 0x00000000eab00000)
  object space 417792K, 33% used [0x00000000c0000000,0x00000000c89a9de0,0x00000000d9800000)
 Metaspace       used 53294K, capacity 57068K, committed 57472K, reserved 1097728K
  class space    used 7416K, capacity 8449K, committed 8576K, reserved 1048576K
}

